<?xml version="1.0" encoding="UTF-8"?>
<testsuite xmlns:xsi="http://www.w3.org/2001/XMLSchema-instance" xsi:noNamespaceSchemaLocation="https://maven.apache.org/surefire/maven-surefire-plugin/xsd/surefire-test-report.xsd" name="com.syousui.dao.impl.BookDaoImplTest" time="2.108" tests="3" errors="0" skipped="0" failures="0">
  <properties>
    <property name="sun.desktop" value="windows"/>
    <property name="awt.toolkit" value="sun.awt.windows.WToolkit"/>
    <property name="file.encoding.pkg" value="sun.io"/>
    <property name="java.specification.version" value="1.8"/>
    <property name="sun.cpu.isalist" value="amd64"/>
    <property name="sun.jnu.encoding" value="GBK"/>
    <property name="java.class.path" value="F:\myJavaCode\MavenTest\BookStoreSystem\target\test-classes;F:\myJavaCode\MavenTest\BookStoreSystem\target\classes;F:\ide\maven\repository\junit\junit\4.11\junit-4.11.jar;F:\ide\maven\repository\org\hamcrest\hamcrest-core\1.3\hamcrest-core-1.3.jar;F:\ide\maven\repository\mysql\mysql-connector-java\5.1.48\mysql-connector-java-5.1.48.jar;F:\ide\maven\repository\org\apache\tomcat\tomcat-servlet-api\8.5.47\tomcat-servlet-api-8.5.47.jar;F:\ide\maven\repository\jaxen\jaxen\1.1.6\jaxen-1.1.6.jar;F:\ide\maven\repository\dom4j\dom4j\1.6.1\dom4j-1.6.1.jar;F:\ide\maven\repository\xml-apis\xml-apis\1.0.b2\xml-apis-1.0.b2.jar;F:\ide\maven\repository\com\fasterxml\jackson\core\jackson-databind\2.10.2\jackson-databind-2.10.2.jar;F:\ide\maven\repository\com\fasterxml\jackson\core\jackson-core\2.10.2\jackson-core-2.10.2.jar;F:\ide\maven\repository\com\fasterxml\jackson\core\jackson-annotations\2.10.2\jackson-annotations-2.10.2.jar;F:\ide\maven\repository\com\mchange\c3p0\0.9.5.5\c3p0-0.9.5.5.jar;F:\ide\maven\repository\com\mchange\mchange-commons-java\0.2.19\mchange-commons-java-0.2.19.jar;F:\ide\maven\repository\redis\clients\jedis\3.2.0\jedis-3.2.0.jar;F:\ide\maven\repository\org\slf4j\slf4j-api\1.7.25\slf4j-api-1.7.25.jar;F:\ide\maven\repository\org\apache\commons\commons-pool2\2.6.2\commons-pool2-2.6.2.jar;F:\ide\maven\repository\org\springframework\spring-beans\5.2.5.RELEASE\spring-beans-5.2.5.RELEASE.jar;F:\ide\maven\repository\org\springframework\spring-core\5.2.5.RELEASE\spring-core-5.2.5.RELEASE.jar;F:\ide\maven\repository\org\springframework\spring-jcl\5.2.5.RELEASE\spring-jcl-5.2.5.RELEASE.jar;F:\ide\maven\repository\commons-dbutils\commons-dbutils\1.7\commons-dbutils-1.7.jar;"/>
    <property name="java.vm.vendor" value="Oracle Corporation"/>
    <property name="sun.arch.data.model" value="64"/>
    <property name="user.variant" value=""/>
    <property name="java.vendor.url" value="http://java.oracle.com/"/>
    <property name="user.timezone" value="Asia/Shanghai"/>
    <property name="java.vm.specification.version" value="1.8"/>
    <property name="os.name" value="Windows 10"/>
    <property name="user.country" value="CN"/>
    <property name="sun.java.launcher" value="SUN_STANDARD"/>
    <property name="sun.boot.library.path" value="F:\IDE\Java\jdk1.8.0_202\jre\bin"/>
    <property name="sun.java.command" value="C:\Users\ASUS\AppData\Local\Temp\surefire4358071714092745894\surefirebooter8970549363516396851.jar C:\Users\ASUS\AppData\Local\Temp\surefire4358071714092745894 2020-06-06T22-26-42_238-jvmRun1 surefire6547124360183186387tmp surefire_06157093106524402630tmp"/>
    <property name="surefire.test.class.path" value="F:\myJavaCode\MavenTest\BookStoreSystem\target\test-classes;F:\myJavaCode\MavenTest\BookStoreSystem\target\classes;F:\ide\maven\repository\junit\junit\4.11\junit-4.11.jar;F:\ide\maven\repository\org\hamcrest\hamcrest-core\1.3\hamcrest-core-1.3.jar;F:\ide\maven\repository\mysql\mysql-connector-java\5.1.48\mysql-connector-java-5.1.48.jar;F:\ide\maven\repository\org\apache\tomcat\tomcat-servlet-api\8.5.47\tomcat-servlet-api-8.5.47.jar;F:\ide\maven\repository\jaxen\jaxen\1.1.6\jaxen-1.1.6.jar;F:\ide\maven\repository\dom4j\dom4j\1.6.1\dom4j-1.6.1.jar;F:\ide\maven\repository\xml-apis\xml-apis\1.0.b2\xml-apis-1.0.b2.jar;F:\ide\maven\repository\com\fasterxml\jackson\core\jackson-databind\2.10.2\jackson-databind-2.10.2.jar;F:\ide\maven\repository\com\fasterxml\jackson\core\jackson-core\2.10.2\jackson-core-2.10.2.jar;F:\ide\maven\repository\com\fasterxml\jackson\core\jackson-annotations\2.10.2\jackson-annotations-2.10.2.jar;F:\ide\maven\repository\com\mchange\c3p0\0.9.5.5\c3p0-0.9.5.5.jar;F:\ide\maven\repository\com\mchange\mchange-commons-java\0.2.19\mchange-commons-java-0.2.19.jar;F:\ide\maven\repository\redis\clients\jedis\3.2.0\jedis-3.2.0.jar;F:\ide\maven\repository\org\slf4j\slf4j-api\1.7.25\slf4j-api-1.7.25.jar;F:\ide\maven\repository\org\apache\commons\commons-pool2\2.6.2\commons-pool2-2.6.2.jar;F:\ide\maven\repository\org\springframework\spring-beans\5.2.5.RELEASE\spring-beans-5.2.5.RELEASE.jar;F:\ide\maven\repository\org\springframework\spring-core\5.2.5.RELEASE\spring-core-5.2.5.RELEASE.jar;F:\ide\maven\repository\org\springframework\spring-jcl\5.2.5.RELEASE\spring-jcl-5.2.5.RELEASE.jar;F:\ide\maven\repository\commons-dbutils\commons-dbutils\1.7\commons-dbutils-1.7.jar;"/>
    <property name="sun.cpu.endian" value="little"/>
    <property name="user.home" value="C:\Users\ASUS"/>
    <property name="user.language" value="zh"/>
    <property name="java.specification.vendor" value="Oracle Corporation"/>
    <property name="java.home" value="F:\IDE\Java\jdk1.8.0_202\jre"/>
    <property name="basedir" value="F:\myJavaCode\MavenTest\BookStoreSystem"/>
    <property name="file.separator" value="\"/>
    <property name="line.separator" value="&#10;"/>
    <property name="java.vm.specification.vendor" value="Oracle Corporation"/>
    <property name="java.specification.name" value="Java Platform API Specification"/>
    <property name="java.awt.graphicsenv" value="sun.awt.Win32GraphicsEnvironment"/>
    <property name="surefire.real.class.path" value="C:\Users\ASUS\AppData\Local\Temp\surefire4358071714092745894\surefirebooter8970549363516396851.jar"/>
    <property name="sun.boot.class.path" value="F:\IDE\Java\jdk1.8.0_202\jre\lib\resources.jar;F:\IDE\Java\jdk1.8.0_202\jre\lib\rt.jar;F:\IDE\Java\jdk1.8.0_202\jre\lib\sunrsasign.jar;F:\IDE\Java\jdk1.8.0_202\jre\lib\jsse.jar;F:\IDE\Java\jdk1.8.0_202\jre\lib\jce.jar;F:\IDE\Java\jdk1.8.0_202\jre\lib\charsets.jar;F:\IDE\Java\jdk1.8.0_202\jre\lib\jfr.jar;F:\IDE\Java\jdk1.8.0_202\jre\classes"/>
    <property name="user.script" value=""/>
    <property name="sun.management.compiler" value="HotSpot 64-Bit Tiered Compilers"/>
    <property name="java.runtime.version" value="1.8.0_202-b08"/>
    <property name="user.name" value="syouSui"/>
    <property name="path.separator" value=";"/>
    <property name="os.version" value="10.0"/>
    <property name="java.endorsed.dirs" value="F:\IDE\Java\jdk1.8.0_202\jre\lib\endorsed"/>
    <property name="java.runtime.name" value="Java(TM) SE Runtime Environment"/>
    <property name="file.encoding" value="GBK"/>
    <property name="java.vm.name" value="Java HotSpot(TM) 64-Bit Server VM"/>
    <property name="localRepository" value="F:\ide\maven\repository"/>
    <property name="java.vendor.url.bug" value="http://bugreport.sun.com/bugreport/"/>
    <property name="java.io.tmpdir" value="C:\Users\ASUS\AppData\Local\Temp\"/>
    <property name="java.version" value="1.8.0_202"/>
    <property name="user.dir" value="F:\myJavaCode\MavenTest\BookStoreSystem"/>
    <property name="os.arch" value="amd64"/>
    <property name="java.vm.specification.name" value="Java Virtual Machine Specification"/>
    <property name="java.awt.printerjob" value="sun.awt.windows.WPrinterJob"/>
    <property name="sun.os.patch.level" value=""/>
    <property name="java.library.path" value="F:\IDE\Java\jdk1.8.0_202\jre\bin;C:\WINDOWS\Sun\Java\bin;C:\WINDOWS\system32;C:\WINDOWS;C:\Program Files (x86)\Intel\Intel(R) Management Engine Components\iCLS\;C:\Program Files\Intel\Intel(R) Management Engine Components\iCLS\;C:\Windows\system32;C:\Windows;C:\Windows\System32\Wbem;C:\Windows\System32\WindowsPowerShell\v1.0\;C:\Windows\System32\OpenSSH\;C:\Program Files (x86)\NVIDIA Corporation\PhysX\Common;C:\Program Files (x86)\Intel\Intel(R) Management Engine Components\DAL;C:\Program Files\Intel\Intel(R) Management Engine Components\DAL;C:\Program Files (x86)\Intel\Intel(R) Management Engine Components\IPT;C:\Program Files\Intel\Intel(R) Management Engine Components\IPT;C:\Program Files\Intel\WiFi\bin\;C:\Program Files\Common Files\Intel\WirelessCommon\;C:\WINDOWS\system32;C:\WINDOWS;C:\WINDOWS\System32\Wbem;C:\WINDOWS\System32\WindowsPowerShell\v1.0\;C:\Program Files\dotnet\;F:\IDE\Git\bin;F:\IDE\GVim\Vim\vim82;F:\IDE\Anaconda3;F:\IDE\MingGw-W64\bin;F:\IDE\Java\jdk1.8.0_202\bin;F:\IDE\Java\jdk1.8.0_202\jre\bin;F:\IDE\JavaWeb_About\apache-tomcat-8.5.47\bin;F:\IDE\maven\apache-maven-3.6.3\bin;F:\IDE\maven\apache-maven-3.6.3\bin;C:\Program Files (x86)\Common Files\Oracle\Java\javapath;C:\Users\ASUS\scoop\shims\;F:\IDE\OpenSSH-Win64;C:\Users\ASUS\AppData\Local\Microsoft\WindowsApps;C:\Program Files\Bandizip\;C:\Program Files\JetBrains\IntelliJ IDEA 2020.1.1\bin;;;F:\IDE\Microsoft Visual Studio Code\bin;."/>
    <property name="java.vm.info" value="mixed mode"/>
    <property name="java.vendor" value="Oracle Corporation"/>
    <property name="java.vm.version" value="25.202-b08"/>
    <property name="java.ext.dirs" value="F:\IDE\Java\jdk1.8.0_202\jre\lib\ext;C:\WINDOWS\Sun\Java\lib\ext"/>
    <property name="sun.io.unicode.encoding" value="UnicodeLittle"/>
    <property name="java.class.version" value="52.0"/>
  </properties>
  <testcase name="testFindByBookName" classname="com.syousui.dao.impl.BookDaoImplTest" time="2.072"/>
  <testcase name="testFindAll" classname="com.syousui.dao.impl.BookDaoImplTest" time="0"/>
  <testcase name="testFindByIsbn" classname="com.syousui.dao.impl.BookDaoImplTest" time="0"/>
</testsuite>